<?xml version="1.0" encoding="UTF-8"?>
<testsuite xmlns:xsi="http://www.w3.org/2001/XMLSchema-instance" xsi:noNamespaceSchemaLocation="https://maven.apache.org/surefire/maven-surefire-plugin/xsd/surefire-test-report.xsd" name="com.currencies.FetchCurrenciesApplicationTests" time="4.131" tests="3" errors="0" skipped="0" failures="0">
  <properties>
[...]
</properties>
  <testcase name="ExchangeRateStorageTest" classname="com.currencies.FetchCurrenciesApplicationTests" time="2.342"/>
  <testcase name="ControllerUnsupportedCurrencyTest" classname="com.currencies.FetchCurrenciesApplicationTests" time="0.008"/>
  <testcase name="ControllerNegativeNumberTest" classname="com.currencies.FetchCurrenciesApplicationTests" time="0.004"/>
</testsuite>